2008.09.17 22:19 B Z:\HOMEPAGES\OGGI-DOMANI.com\site\lessons\lesson01\esercizi1\1ex7.htm --> oggi-domani.com /public_html/site/lessons/lesson01/esercizi1 1ex7.htm
2008.09.17 22:19 B Z:\HOMEPAGES\OGGI-DOMANI.com\site\lessons\lesson01\esercizi1\1ex7.jcl --> oggi-domani.com /public_html/site/lessons/lesson01/esercizi1 1ex7.jcl
2008.09.17 22:19 B Z:\HOMEPAGES\OGGI-DOMANI.com\site\lessons\lesson01\esercizi1\1ex7c.htm --> oggi-domani.com /public_html/site/lessons/lesson01/esercizi1 1ex7c.htm
2008.09.17 22:19 B Z:\HOMEPAGES\OGGI-DOMANI.com\site\lessons\lesson01\esercizi1\1ex7w.htm --> oggi-domani.com /public_html/site/lessons/lesson01/esercizi1 1ex7w.htm
2008.09.17 22:19 B Z:\HOMEPAGES\OGGI-DOMANI.com\site\lessons\lesson01\esercizi1\1ex8.htm --> oggi-domani.com /public_html/site/lessons/lesson01/esercizi1 1ex8.htm
2008.09.17 22:19 B Z:\HOMEPAGES\OGGI-DOMANI.com\site\lessons\lesson01\esercizi1\1ex8.jcl --> oggi-domani.com /public_html/site/lessons/lesson01/esercizi1 1ex8.jcl
2008.09.17 22:19 B Z:\HOMEPAGES\OGGI-DOMANI.com\site\lessons\lesson01\esercizi1\1ex8c.htm --> oggi-domani.com /public_html/site/lessons/lesson01/esercizi1 1ex8c.htm
2008.09.17 22:19 B Z:\HOMEPAGES\OGGI-DOMANI.com\site\lessons\lesson01\esercizi1\1ex8w.htm --> oggi-domani.com /public_html/site/lessons/lesson01/esercizi1 1ex8w.htm
2008.09.17 22:19 B Z:\HOMEPAGES\OGGI-DOMANI.com\site\lessons\lesson01\esercizi1\ex1.htm --> oggi-domani.com /public_html/site/lessons/lesson01/esercizi1 ex1.htm
2008.09.17 22:19 B Z:\HOMEPAGES\OGGI-DOMANI.com\site\lessons\lesson01\esercizi1\ex1c.htm --> oggi-domani.com /public_html/site/lessons/lesson01/esercizi1 ex1c.htm
2008.09.17 22:19 B Z:\HOMEPAGES\OGGI-DOMANI.com\site\lessons\lesson01\esercizi1\ex1w.htm --> oggi-domani.com /public_html/site/lessons/lesson01/esercizi1 ex1w.htm
2008.09.17 22:19 B Z:\HOMEPAGES\OGGI-DOMANI.com\site\lessons\lesson01\esercizi1\ex2.htm --> oggi-domani.com /public_html/site/lessons/lesson01/esercizi1 ex2.htm
2008.09.17 22:19 B Z:\HOMEPAGES\OGGI-DOMANI.com\site\lessons\lesson01\esercizi1\ex2c.htm --> oggi-domani.com /public_html/site/lessons/lesson01/esercizi1 ex2c.htm
2008.09.17 22:19 B Z:\HOMEPAGES\OGGI-DOMANI.com\site\lessons\lesson01\esercizi1\ex2w.htm --> oggi-domani.com /public_html/site/lessons/lesson01/esercizi1 ex2w.htm
2008.09.17 22:19 B Z:\HOMEPAGES\OGGI-DOMANI.com\site\lessons\lesson01\esercizi1\ex3.htm --> oggi-domani.com /public_html/site/lessons/lesson01/esercizi1 ex3.htm
2008.09.17 22:19 B Z:\HOMEPAGES\OGGI-DOMANI.com\site\lessons\lesson01\esercizi1\ex3c.htm --> oggi-domani.com /public_html/site/lessons/lesson01/esercizi1 ex3c.htm
2008.09.17 22:19 B Z:\HOMEPAGES\OGGI-DOMANI.com\site\lessons\lesson01\esercizi1\ex3w.htm --> oggi-domani.com /public_html/site/lessons/lesson01/esercizi1 ex3w.htm
2008.09.17 22:19 B Z:\HOMEPAGES\OGGI-DOMANI.com\site\lessons\lesson01\esercizi1\ex4.htm --> oggi-domani.com /public_html/site/lessons/lesson01/esercizi1 ex4.htm
2008.09.17 22:19 B Z:\HOMEPAGES\OGGI-DOMANI.com\site\lessons\lesson01\esercizi1\ex4.jcl --> oggi-domani.com /public_html/site/lessons/lesson01/esercizi1 ex4.jcl
2008.09.17 22:19 B Z:\HOMEPAGES\OGGI-DOMANI.com\site\lessons\lesson01\esercizi1\ex4c.htm --> oggi-domani.com /public_html/site/lessons/lesson01/esercizi1 ex4c.htm
2008.09.17 22:19 B Z:\HOMEPAGES\OGGI-DOMANI.com\site\lessons\lesson01\esercizi1\ex4w.htm --> oggi-domani.com /public_html/site/lessons/lesson01/esercizi1 ex4w.htm
2008.09.17 22:19 B Z:\HOMEPAGES\OGGI-DOMANI.com\site\lessons\lesson01\esercizi1\ex5.htm --> oggi-domani.com /public_html/site/lessons/lesson01/esercizi1 ex5.htm
2008.09.17 22:19 B Z:\HOMEPAGES\OGGI-DOMANI.com\site\lessons\lesson01\esercizi1\ex5.jcl --> oggi-domani.com /public_html/site/lessons/lesson01/esercizi1 ex5.jcl
2008.09.17 22:19 B Z:\HOMEPAGES\OGGI-DOMANI.com\site\lessons\lesson01\esercizi1\ex5c.htm --> oggi-domani.com /public_html/site/lessons/lesson01/esercizi1 ex5c.htm
2008.09.17 22:19 B Z:\HOMEPAGES\OGGI-DOMANI.com\site\lessons\lesson01\esercizi1\ex5w.htm --> oggi-domani.com /public_html/site/lessons/lesson01/esercizi1 ex5w.htm
2008.09.17 22:19 B Z:\HOMEPAGES\OGGI-DOMANI.com\site\lessons\lesson01\esercizi1\ex6.htm --> oggi-domani.com /public_html/site/lessons/lesson01/esercizi1 ex6.htm
2008.09.17 22:19 B Z:\HOMEPAGES\OGGI-DOMANI.com\site\lessons\lesson01\esercizi1\ex6c.htm --> oggi-domani.com /public_html/site/lessons/lesson01/esercizi1 ex6c.htm
2008.09.17 22:19 B Z:\HOMEPAGES\OGGI-DOMANI.com\site\lessons\lesson01\esercizi1\ex6w.htm --> oggi-domani.com /public_html/site/lessons/lesson01/esercizi1 ex6w.htm
2008.09.17 22:19 B Z:\HOMEPAGES\OGGI-DOMANI.com\site\lessons\lesson01\esercizi1\show1.htm --> oggi-domani.com /public_html/site/lessons/lesson01/esercizi1 show1.htm
2008.09.17 22:19 B Z:\HOMEPAGES\OGGI-DOMANI.com\site\lessons\lesson01\esercizi1\show1.vcb --> oggi-domani.com /public_html/site/lessons/lesson01/esercizi1 show1.vcb
2008.09.17 22:19 B Z:\HOMEPAGES\OGGI-DOMANI.com\site\lessons\lesson01\esercizi1\show1c.htm --> oggi-domani.com /public_html/site/lessons/lesson01/esercizi1 show1c.htm
2008.09.17 22:19 B Z:\HOMEPAGES\OGGI-DOMANI.com\site\lessons\lesson01\esercizi1\show1w.htm --> oggi-domani.com /public_html/site/lessons/lesson01/esercizi1 show1w.htm
2008.10.03 22:10 B Z:\HOMEPAGES\OGGI-DOMANI.com\site\lessons\lesson01\esercizi1\WS_FTP.LOG --> acadftp.brooklyn.cuny.edu /site/lessons/lesson01/esercizi1 WS_FTP.LOG
2008.10.03 22:37 B Z:\HOMEPAGES\OGGI-DOMANI.com\site\lessons\lesson01\esercizi1\WS_FTP.LOG --> acadftp.brooklyn.cuny.edu /site/lessons/lesson01/esercizi1 WS_FTP.LOG
2008.10.03 22:44 B Z:\HOMEPAGES\OGGI-DOMANI.com\site\lessons\lesson01\esercizi1\WS_FTP.LOG --> acadftp.brooklyn.cuny.edu /site/lessons/lesson01/esercizi1 WS_FTP.LOG
2008.10.03 23:52 B Z:\HOMEPAGES\OGGI-DOMANI.com\site\lessons\lesson01\esercizi1\WS_FTP.LOG --> oggi-domani.com /public_html/site/lessons/lesson01/esercizi1 WS_FTP.LOG
2008.10.04 00:08 B Z:\HOMEPAGES\OGGI-DOMANI.com\site\lessons\lesson01\esercizi1\WS_FTP.LOG --> oggi-domani.com /public_html/site/lessons/lesson01/esercizi1 WS_FTP.LOG
